<?xml version="1.0" encoding="UTF-8"?>
<testsuite name="dev.attention.app.WidgetInteractionTest" tests="1" skipped="0" failures="0" errors="0" timestamp="2026-09-25T10:50:03" hostname="7f5082153b19" time="0.118">
  <properties/>
  <testcase name="updatesResizeCompleteAndComplexGuard" classname="dev.attention.app.WidgetInteractionTest" time="0.118"/>
  <system-out><![CDATA[]]></system-out>
  <system-err><![CDATA[Exception in thread "DefaultDispatcher-worker-10 @coroutine#377" java.lang.NullPointerException: Cannot invoke "android.content.BroadcastReceiver$PendingResult.finish()" because "this.$pending" is null
	at dev.attention.app.FocusWidget$onReceive$1.invokeSuspend(FocusWidget.kt:26)
	at kotlin.coroutines.jvm.internal.BaseContinuationImpl.resumeWith(ContinuationImpl.kt:33)
	at kotlinx.coroutines.DispatchedTask.run(DispatchedTask.kt:108)
	at kotlinx.coroutines.internal.LimitedDispatcher$Worker.run(LimitedDispatcher.kt:115)
	at kotlinx.coroutines.scheduling.TaskImpl.run(Tasks.kt:103)
	at kotlinx.coroutines.scheduling.CoroutineScheduler.runSafely(CoroutineScheduler.kt:584)
	at kotlinx.coroutines.scheduling.CoroutineScheduler$Worker.executeTask(CoroutineScheduler.kt:793)
	at kotlinx.coroutines.scheduling.CoroutineScheduler$Worker.runWorker(CoroutineScheduler.kt:697)
	at kotlinx.coroutines.scheduling.CoroutineScheduler$Worker.run(CoroutineScheduler.kt:684)
	Suppressed: kotlinx.coroutines.internal.DiagnosticCoroutineContextException: [CoroutineId(377), "coroutine#377":StandaloneCoroutine{Cancelling}@86a8f0f, Dispatchers.IO]
Exception in thread "DefaultDispatcher-worker-4 @coroutine#379" java.lang.NullPointerException: Cannot invoke "android.content.BroadcastReceiver$PendingResult.finish()" because "this.$pending" is null
	at dev.attention.app.FocusWidget$onReceive$1.invokeSuspend(FocusWidget.kt:26)
	at kotlin.coroutines.jvm.internal.BaseContinuationImpl.resumeWith(ContinuationImpl.kt:33)
	at kotlinx.coroutines.DispatchedTask.run(DispatchedTask.kt:108)
	at kotlinx.coroutines.internal.LimitedDispatcher$Worker.run(LimitedDispatcher.kt:115)
	at kotlinx.coroutines.scheduling.TaskImpl.run(Tasks.kt:103)
	at kotlinx.coroutines.scheduling.CoroutineScheduler.runSafely(CoroutineScheduler.kt:584)
	at kotlinx.coroutines.scheduling.CoroutineScheduler$Worker.executeTask(CoroutineScheduler.kt:793)
	at kotlinx.coroutines.scheduling.CoroutineScheduler$Worker.runWorker(CoroutineScheduler.kt:697)
	at kotlinx.coroutines.scheduling.CoroutineScheduler$Worker.run(CoroutineScheduler.kt:684)
	Suppressed: kotlinx.coroutines.internal.DiagnosticCoroutineContextException: [CoroutineId(379), "coroutine#379":StandaloneCoroutine{Cancelling}@46ae7b12, Dispatchers.IO]
System.logW: A resource was acquired at attached stack trace but never released. See java.io.Closeable for information on avoiding resource leaks.
java.lang.Throwable: Explicit termination method 'close' not called
	at dalvik.system.CloseGuard.$$robo$$dalvik_system_CloseGuard$open(CloseGuard.java:221)
	at jdk.internal.reflect.GeneratedMethodAccessor5.invoke(Unknown Source)
	at java.base/jdk.internal.reflect.DelegatingMethodAccessorImpl.invoke(DelegatingMethodAccessorImpl.java:43)
	at java.base/java.lang.reflect.Method.invoke(Method.java:569)
	at org.robolectric.shadows.ShadowCloseGuard$CloseGuardReflector$$Reflector15.open(Unknown Source)
	at org.robolectric.shadows.ShadowCloseGuard.open(ShadowCloseGuard.java:38)
	at dalvik.system.CloseGuard.open(CloseGuard.java)
	at android.database.sqlite.SQLiteDatabase.$$robo$$android_database_sqlite_SQLiteDatabase$openInner(SQLiteDatabase.java:881)
	at android.database.sqlite.SQLiteDatabase.openInner(SQLiteDatabase.java)
	at android.database.sqlite.SQLiteDatabase.$$robo$$android_database_sqlite_SQLiteDatabase$open(SQLiteDatabase.java:865)
	at android.database.sqlite.SQLiteDatabase.open(SQLiteDatabase.java)
	at android.database.sqlite.SQLiteDatabase.$$robo$$android_database_sqlite_SQLiteDatabase$openDatabase(SQLiteDatabase.java:739)
	at android.database.sqlite.SQLiteDatabase.openDatabase(SQLiteDatabase.java)
	at android.database.sqlite.SQLiteDatabase.$$robo$$android_database_sqlite_SQLiteDatabase$openDatabase(SQLiteDatabase.java:729)
	at android.database.sqlite.SQLiteDatabase.openDatabase(SQLiteDatabase.java)
	at android.database.sqlite.SQLiteOpenHelper.$$robo$$android_database_sqlite_SQLiteOpenHelper$getDatabaseLocked(SQLiteOpenHelper.java:355)
	at android.database.sqlite.SQLiteOpenHelper.getDatabaseLocked(SQLiteOpenHelper.java)
	at android.database.sqlite.SQLiteOpenHelper.$$robo$$android_database_sqlite_SQLiteOpenHelper$getWritableDatabase(SQLiteOpenHelper.java:298)
	at android.database.sqlite.SQLiteOpenHelper.getWritableDatabase(SQLiteOpenHelper.java)
	at androidx.sqlite.db.framework.FrameworkSQLiteOpenHelper$OpenHelper.getWritableOrReadableDatabase(FrameworkSQLiteOpenHelper.kt:232)
	at androidx.sqlite.db.framework.FrameworkSQLiteOpenHelper$OpenHelper.innerGetDatabase(FrameworkSQLiteOpenHelper.kt:177)
	at androidx.sqlite.db.framework.FrameworkSQLiteOpenHelper$OpenHelper.getSupportDatabase(FrameworkSQLiteOpenHelper.kt:151)
	at androidx.sqlite.db.framework.FrameworkSQLiteOpenHelper.getWritableDatabase(FrameworkSQLiteOpenHelper.kt:104)
	at androidx.room.RoomDatabase.inTransaction(RoomDatabase.kt:632)
	at androidx.room.RoomDatabase.assertNotSuspendingTransaction(RoomDatabase.kt:451)
	at androidx.room.RoomDatabase.query(RoomDatabase.kt:480)
	at androidx.room.util.DBUtil.query(DBUtil.kt:75)
	at dev.attention.app.TaskDao_Impl$10.call(TaskDao_Impl.java:455)
	at dev.attention.app.TaskDao_Impl$10.call(TaskDao_Impl.java:451)
	at androidx.room.CoroutinesRoom$Companion$execute$4$job$1.invokeSuspend(CoroutinesRoom.kt:87)
	at kotlin.coroutines.jvm.internal.BaseContinuationImpl.resumeWith(ContinuationImpl.kt:33)
	at kotlinx.coroutines.DispatchedTask.run(DispatchedTask.kt:108)
	at java.base/java.util.concurrent.ThreadPoolExecutor.runWorker(ThreadPoolExecutor.java:1136)
	at java.base/java.util.concurrent.ThreadPoolExecutor$Worker.run(ThreadPoolExecutor.java:635)
	at java.base/java.lang.Thread.run(Thread.java:840)

System.logW: A resource was acquired at attached stack trace but never released. See java.io.Closeable for information on avoiding resource leaks.
java.lang.Throwable: Explicit termination method 'close' not called
	at dalvik.system.CloseGuard.$$robo$$dalvik_system_CloseGuard$open(CloseGuard.java:221)
	at jdk.internal.reflect.GeneratedMethodAccessor5.invoke(Unknown Source)
	at java.base/jdk.internal.reflect.DelegatingMethodAccessorImpl.invoke(DelegatingMethodAccessorImpl.java:43)
	at java.base/java.lang.reflect.Method.invoke(Method.java:569)
	at org.robolectric.shadows.ShadowCloseGuard$CloseGuardReflector$$Reflector15.open(Unknown Source)
	at org.robolectric.shadows.ShadowCloseGuard.open(ShadowCloseGuard.java:38)
	at dalvik.system.CloseGuard.open(CloseGuard.java)
	at android.database.sqlite.SQLiteDatabase.$$robo$$android_database_sqlite_SQLiteDatabase$openInner(SQLiteDatabase.java:881)
	at android.database.sqlite.SQLiteDatabase.openInner(SQLiteDatabase.java)
	at android.database.sqlite.SQLiteDatabase.$$robo$$android_database_sqlite_SQLiteDatabase$open(SQLiteDatabase.java:865)
	at android.database.sqlite.SQLiteDatabase.open(SQLiteDatabase.java)
	at android.database.sqlite.SQLiteDatabase.$$robo$$android_database_sqlite_SQLiteDatabase$openDatabase(SQLiteDatabase.java:739)
	at android.database.sqlite.SQLiteDatabase.openDatabase(SQLiteDatabase.java)
	at android.database.sqlite.SQLiteDatabase.$$robo$$android_database_sqlite_SQLiteDatabase$openDatabase(SQLiteDatabase.java:729)
	at android.database.sqlite.SQLiteDatabase.openDatabase(SQLiteDatabase.java)
	at android.database.sqlite.SQLiteOpenHelper.$$robo$$android_database_sqlite_SQLiteOpenHelper$getDatabaseLocked(SQLiteOpenHelper.java:355)
	at android.database.sqlite.SQLiteOpenHelper.getDatabaseLocked(SQLiteOpenHelper.java)
	at android.database.sqlite.SQLiteOpenHelper.$$robo$$android_database_sqlite_SQLiteOpenHelper$getWritableDatabase(SQLiteOpenHelper.java:298)
	at android.database.sqlite.SQLiteOpenHelper.getWritableDatabase(SQLiteOpenHelper.java)
	at androidx.sqlite.db.framework.FrameworkSQLiteOpenHelper$OpenHelper.getWritableOrReadableDatabase(FrameworkSQLiteOpenHelper.kt:232)
	at androidx.sqlite.db.framework.FrameworkSQLiteOpenHelper$OpenHelper.innerGetDatabase(FrameworkSQLiteOpenHelper.kt:177)
	at androidx.sqlite.db.framework.FrameworkSQLiteOpenHelper$OpenHelper.getSupportDatabase(FrameworkSQLiteOpenHelper.kt:151)
	at androidx.sqlite.db.framework.FrameworkSQLiteOpenHelper.getWritableDatabase(FrameworkSQLiteOpenHelper.kt:104)
	at androidx.room.RoomDatabase.inTransaction(RoomDatabase.kt:632)
	at androidx.room.RoomDatabase.assertNotSuspendingTransaction(RoomDatabase.kt:451)
	at androidx.room.RoomDatabase.query(RoomDatabase.kt:480)
	at androidx.room.util.DBUtil.query(DBUtil.kt:75)
	at dev.attention.app.TaskDao_Impl$10.call(TaskDao_Impl.java:455)
	at dev.attention.app.TaskDao_Impl$10.call(TaskDao_Impl.java:451)
	at androidx.room.CoroutinesRoom$Companion$execute$4$job$1.invokeSuspend(CoroutinesRoom.kt:87)
	at kotlin.coroutines.jvm.internal.BaseContinuationImpl.resumeWith(ContinuationImpl.kt:33)
	at kotlinx.coroutines.DispatchedTask.run(DispatchedTask.kt:108)
	at java.base/java.util.concurrent.ThreadPoolExecutor.runWorker(ThreadPoolExecutor.java:1136)
	at java.base/java.util.concurrent.ThreadPoolExecutor$Worker.run(ThreadPoolExecutor.java:635)
	at java.base/java.lang.Thread.run(Thread.java:840)

Intent = Intent { act=dev.attention.WIDGET_COMPLETE cmp=dev.attention.app/.FocusWidget (has extras) }; Matching wrappers: [Wrapper[receiver=[dev.attention.app.FocusWidget@6321097f], context=[android.app.ContextImpl@30c525bd], intentFilter=[android.content.IntentFilter@37077d35]]]
]]></system-err>
</testsuite>
