<?xml version="1.0" encoding="UTF-8"?>
<testsuite name="dev.attention.app.IntegrationJvmTest" tests="3" skipped="0" failures="0" errors="0" timestamp="2026-09-25T10:49:42" hostname="7f5082153b19" time="4.888">
  <properties/>
  <testcase name="databasePersistsAndSupportsCompleteUndoReopenDelete" classname="dev.attention.app.IntegrationJvmTest" time="4.263"/>
  <testcase name="settingsPersistAndSummaryOpensCorrectRoute" classname="dev.attention.app.IntegrationJvmTest" time="0.349"/>
  <testcase name="backupValidatesBeforeWritingAndMergesById" classname="dev.attention.app.IntegrationJvmTest" time="0.276"/>
  <system-out><![CDATA[]]></system-out>
  <system-err><![CDATA[]]></system-err>
</testsuite>
